build/app/intermediates/manifest_merge_blame_file/release/manifest-merger-blame-release-report.txt
1<?xml version="1.0" encoding="utf-8"?>
2<manifest xmlns:android="http://schemas.android.com/apk/res/android"
3    package="com.example.ikpm_sidoarjo"
4    android:versionCode="1"
5    android:versionName="1.0.0" >
6
7    <uses-sdk
8        android:minSdkVersion="21"
9        android:targetSdkVersion="35" />
10    <!--
11         Required to query activities that can process text, see:
12         https://developer.android.com/training/package-visibility and
13         https://developer.android.com/reference/android/content/Intent#ACTION_PROCESS_TEXT.
14
15         In particular, this is used by the Flutter engine in io.flutter.plugin.text.ProcessTextPlugin.
16    -->
17    <queries>
17-->src/main/AndroidManifest.xml:40:5-45:15
18        <intent>
18-->src/main/AndroidManifest.xml:41:9-44:18
19            <action android:name="android.intent.action.PROCESS_TEXT" />
19-->src/main/AndroidManifest.xml:42:13-72
19-->src/main/AndroidManifest.xml:42:21-70
20
21            <data android:mimeType="text/plain" />
21-->src/main/AndroidManifest.xml:43:13-50
21-->src/main/AndroidManifest.xml:43:19-48
22        </intent>
23        <intent>
23-->[:file_picker] AndroidManifest.xml:10:9-14:18
24            <action android:name="android.intent.action.GET_CONTENT" />
24-->[:file_picker] AndroidManifest.xml:11:13-72
24-->[:file_picker] AndroidManifest.xml:11:21-69
25
26            <data android:mimeType="*/*" />
26-->src/main/AndroidManifest.xml:43:13-50
26-->src/main/AndroidManifest.xml:43:19-48
27        </intent>
28    </queries>
29
30    <uses-permission android:name="android.permission.INTERNET" />
30-->src/main/AndroidManifest.xml:46:5-66
30-->src/main/AndroidManifest.xml:46:22-64
31    <uses-permission android:name="android.permission.ACCESS_NETWORK_STATE" />
31-->src/main/AndroidManifest.xml:47:5-79
31-->src/main/AndroidManifest.xml:47:22-76
32    <uses-permission android:name="android.permission.READ_EXTERNAL_STORAGE" />
32-->[:file_picker] AndroidManifest.xml:7:5-80
32-->[:file_picker] AndroidManifest.xml:7:22-77
33
34    <permission
34-->[androidx.core:core:1.13.1] AndroidManifest.xml:22:5-24:47
35        android:name="com.example.ikpm_sidoarjo.DYNAMIC_RECEIVER_NOT_EXPORTED_PERMISSION"
35-->[androidx.core:core:1.13.1] AndroidManifest.xml:23:9-81
36        android:protectionLevel="signature" />
36-->[androidx.core:core:1.13.1] AndroidManifest.xml:24:9-44
37
38    <uses-permission android:name="com.example.ikpm_sidoarjo.DYNAMIC_RECEIVER_NOT_EXPORTED_PERMISSION" />
38-->[androidx.core:core:1.13.1] AndroidManifest.xml:26:5-97
38-->[androidx.core:core:1.13.1] AndroidManifest.xml:26:22-94
39
40    <application
41        android:name="android.app.Application"
41-->src/main/AndroidManifest.xml:4:9-42
42        android:appComponentFactory="androidx.core.app.CoreComponentFactory"
42-->[androidx.core:core:1.13.1] AndroidManifest.xml:28:18-86
43        android:extractNativeLibs="true"
44        android:icon="@mipmap/ic_launcher"
44-->src/main/AndroidManifest.xml:5:9-43
45        android:label="IKPM Sidoarjo" >
45-->src/main/AndroidManifest.xml:3:9-38
46        <activity
46-->src/main/AndroidManifest.xml:6:9-28:20
47            android:name="com.example.ikpm_sidoarjo.MainActivity"
47-->src/main/AndroidManifest.xml:7:13-41
48            android:configChanges="orientation|keyboardHidden|keyboard|screenSize|smallestScreenSize|locale|layoutDirection|fontScale|screenLayout|density|uiMode"
48-->src/main/AndroidManifest.xml:12:13-163
49            android:exported="true"
49-->src/main/AndroidManifest.xml:8:13-36
50            android:hardwareAccelerated="true"
50-->src/main/AndroidManifest.xml:13:13-47
51            android:launchMode="singleTop"
51-->src/main/AndroidManifest.xml:9:13-43
52            android:taskAffinity=""
52-->src/main/AndroidManifest.xml:10:13-36
53            android:theme="@style/LaunchTheme"
53-->src/main/AndroidManifest.xml:11:13-47
54            android:usesCleartextTraffic="true"
54-->src/main/AndroidManifest.xml:14:13-48
55            android:windowSoftInputMode="adjustResize" >
55-->src/main/AndroidManifest.xml:15:13-55
56
57            <!--
58                 Specifies an Android theme to apply to this Activity as soon as
59                 the Android process has started. This theme is visible to the user
60                 while the Flutter UI initializes. After that, this theme continues
61                 to determine the Window background behind the Flutter UI.
62            -->
63            <meta-data
63-->src/main/AndroidManifest.xml:20:13-23:17
64                android:name="io.flutter.embedding.android.NormalTheme"
64-->src/main/AndroidManifest.xml:21:15-70
65                android:resource="@style/NormalTheme" />
65-->src/main/AndroidManifest.xml:22:15-52
66
67            <intent-filter>
67-->src/main/AndroidManifest.xml:24:13-27:29
68                <action android:name="android.intent.action.MAIN" />
68-->src/main/AndroidManifest.xml:25:17-68
68-->src/main/AndroidManifest.xml:25:25-66
69
70                <category android:name="android.intent.category.LAUNCHER" />
70-->src/main/AndroidManifest.xml:26:17-76
70-->src/main/AndroidManifest.xml:26:27-74
71            </intent-filter>
72        </activity>
73        <!--
74             Don't delete the meta-data below.
75             This is used by the Flutter tool to generate GeneratedPluginRegistrant.java
76        -->
77        <meta-data
77-->src/main/AndroidManifest.xml:31:9-33:33
78            android:name="flutterEmbedding"
78-->src/main/AndroidManifest.xml:32:13-44
79            android:value="2" />
79-->src/main/AndroidManifest.xml:33:13-30
80
81        <provider
81-->[:image_picker_android] AndroidManifest.xml:9:9-17:20
82            android:name="io.flutter.plugins.imagepicker.ImagePickerFileProvider"
82-->[:image_picker_android] AndroidManifest.xml:10:13-82
83            android:authorities="com.example.ikpm_sidoarjo.flutter.image_provider"
83-->[:image_picker_android] AndroidManifest.xml:11:13-74
84            android:exported="false"
84-->[:image_picker_android] AndroidManifest.xml:12:13-37
85            android:grantUriPermissions="true" >
85-->[:image_picker_android] AndroidManifest.xml:13:13-47
86            <meta-data
86-->[:image_picker_android] AndroidManifest.xml:14:13-16:75
87                android:name="android.support.FILE_PROVIDER_PATHS"
87-->[:image_picker_android] AndroidManifest.xml:15:17-67
88                android:resource="@xml/flutter_image_picker_file_paths" />
88-->[:image_picker_android] AndroidManifest.xml:16:17-72
89        </provider> <!-- Trigger Google Play services to install the backported photo picker module. -->
90        <service
90-->[:image_picker_android] AndroidManifest.xml:19:9-31:19
91            android:name="com.google.android.gms.metadata.ModuleDependencies"
91-->[:image_picker_android] AndroidManifest.xml:20:13-78
92            android:enabled="false"
92-->[:image_picker_android] AndroidManifest.xml:21:13-36
93            android:exported="false" >
93-->[:image_picker_android] AndroidManifest.xml:22:13-37
94            <intent-filter>
94-->[:image_picker_android] AndroidManifest.xml:24:13-26:29
95                <action android:name="com.google.android.gms.metadata.MODULE_DEPENDENCIES" />
95-->[:image_picker_android] AndroidManifest.xml:25:17-94
95-->[:image_picker_android] AndroidManifest.xml:25:25-91
96            </intent-filter>
97
98            <meta-data
98-->[:image_picker_android] AndroidManifest.xml:28:13-30:36
99                android:name="photopicker_activity:0:required"
99-->[:image_picker_android] AndroidManifest.xml:29:17-63
100                android:value="" />
100-->[:image_picker_android] AndroidManifest.xml:30:17-33
101        </service>
102
103        <provider
103-->[:printing] AndroidManifest.xml:8:9-16:20
104            android:name="net.nfet.flutter.printing.PrintFileProvider"
104-->[:printing] AndroidManifest.xml:9:13-71
105            android:authorities="com.example.ikpm_sidoarjo.flutter.printing"
105-->[:printing] AndroidManifest.xml:10:13-68
106            android:exported="false"
106-->[:printing] AndroidManifest.xml:11:13-37
107            android:grantUriPermissions="true" >
107-->[:printing] AndroidManifest.xml:12:13-47
108            <meta-data
108-->[:image_picker_android] AndroidManifest.xml:14:13-16:75
109                android:name="android.support.FILE_PROVIDER_PATHS"
109-->[:image_picker_android] AndroidManifest.xml:15:17-67
110                android:resource="@xml/flutter_printing_file_paths" />
110-->[:image_picker_android] AndroidManifest.xml:16:17-72
111        </provider>
112
113        <activity
113-->[:url_launcher_android] AndroidManifest.xml:8:9-11:74
114            android:name="io.flutter.plugins.urllauncher.WebViewActivity"
114-->[:url_launcher_android] AndroidManifest.xml:9:13-74
115            android:exported="false"
115-->[:url_launcher_android] AndroidManifest.xml:10:13-37
116            android:theme="@android:style/Theme.NoTitleBar.Fullscreen" />
116-->[:url_launcher_android] AndroidManifest.xml:11:13-71
117
118        <uses-library
118-->[androidx.window:window:1.2.0] AndroidManifest.xml:23:9-25:40
119            android:name="androidx.window.extensions"
119-->[androidx.window:window:1.2.0] AndroidManifest.xml:24:13-54
120            android:required="false" />
120-->[androidx.window:window:1.2.0] AndroidManifest.xml:25:13-37
121        <uses-library
121-->[androidx.window:window:1.2.0] AndroidManifest.xml:26:9-28:40
122            android:name="androidx.window.sidecar"
122-->[androidx.window:window:1.2.0] AndroidManifest.xml:27:13-51
123            android:required="false" />
123-->[androidx.window:window:1.2.0] AndroidManifest.xml:28:13-37
124
125        <provider
125-->[androidx.lifecycle:lifecycle-process:2.7.0] AndroidManifest.xml:24:9-32:20
126            android:name="androidx.startup.InitializationProvider"
126-->[androidx.lifecycle:lifecycle-process:2.7.0] AndroidManifest.xml:25:13-67
127            android:authorities="com.example.ikpm_sidoarjo.androidx-startup"
127-->[androidx.lifecycle:lifecycle-process:2.7.0] AndroidManifest.xml:26:13-68
128            android:exported="false" >
128-->[androidx.lifecycle:lifecycle-process:2.7.0] AndroidManifest.xml:27:13-37
129            <meta-data
129-->[androidx.lifecycle:lifecycle-process:2.7.0] AndroidManifest.xml:29:13-31:52
130                android:name="androidx.lifecycle.ProcessLifecycleInitializer"
130-->[androidx.lifecycle:lifecycle-process:2.7.0] AndroidManifest.xml:30:17-78
131                android:value="androidx.startup" />
131-->[androidx.lifecycle:lifecycle-process:2.7.0] AndroidManifest.xml:31:17-49
132            <meta-data
132-->[androidx.profileinstaller:profileinstaller:1.3.1] AndroidManifest.xml:29:13-31:52
133                android:name="androidx.profileinstaller.ProfileInstallerInitializer"
133-->[androidx.profileinstaller:profileinstaller:1.3.1] AndroidManifest.xml:30:17-85
134                android:value="androidx.startup" />
134-->[androidx.profileinstaller:profileinstaller:1.3.1] AndroidManifest.xml:31:17-49
135        </provider>
136
137        <receiver
137-->[androidx.profileinstaller:profileinstaller:1.3.1] AndroidManifest.xml:34:9-52:20
138            android:name="androidx.profileinstaller.ProfileInstallReceiver"
138-->[androidx.profileinstaller:profileinstaller:1.3.1] AndroidManifest.xml:35:13-76
139            android:directBootAware="false"
139-->[androidx.profileinstaller:profileinstaller:1.3.1] AndroidManifest.xml:36:13-44
140            android:enabled="true"
140-->[androidx.profileinstaller:profileinstaller:1.3.1] AndroidManifest.xml:37:13-35
141            android:exported="true"
141-->[androidx.profileinstaller:profileinstaller:1.3.1] AndroidManifest.xml:38:13-36
142            android:permission="android.permission.DUMP" >
142-->[androidx.profileinstaller:profileinstaller:1.3.1] AndroidManifest.xml:39:13-57
143            <intent-filter>
143-->[androidx.profileinstaller:profileinstaller:1.3.1] AndroidManifest.xml:40:13-42:29
144                <action android:name="androidx.profileinstaller.action.INSTALL_PROFILE" />
144-->[androidx.profileinstaller:profileinstaller:1.3.1] AndroidManifest.xml:41:17-91
144-->[androidx.profileinstaller:profileinstaller:1.3.1] AndroidManifest.xml:41:25-88
145            </intent-filter>
146            <intent-filter>
146-->[androidx.profileinstaller:profileinstaller:1.3.1] AndroidManifest.xml:43:13-45:29
147                <action android:name="androidx.profileinstaller.action.SKIP_FILE" />
147-->[androidx.profileinstaller:profileinstaller:1.3.1] AndroidManifest.xml:44:17-85
147-->[androidx.profileinstaller:profileinstaller:1.3.1] AndroidManifest.xml:44:25-82
148            </intent-filter>
149            <intent-filter>
149-->[androidx.profileinstaller:profileinstaller:1.3.1] AndroidManifest.xml:46:13-48:29
150                <action android:name="androidx.profileinstaller.action.SAVE_PROFILE" />
150-->[androidx.profileinstaller:profileinstaller:1.3.1] AndroidManifest.xml:47:17-88
150-->[androidx.profileinstaller:profileinstaller:1.3.1] AndroidManifest.xml:47:25-85
151            </intent-filter>
152            <intent-filter>
152-->[androidx.profileinstaller:profileinstaller:1.3.1] AndroidManifest.xml:49:13-51:29
153                <action android:name="androidx.profileinstaller.action.BENCHMARK_OPERATION" />
153-->[androidx.profileinstaller:profileinstaller:1.3.1] AndroidManifest.xml:50:17-95
153-->[androidx.profileinstaller:profileinstaller:1.3.1] AndroidManifest.xml:50:25-92
154            </intent-filter>
155        </receiver>
156    </application>
157
158</manifest>